<?xml version="1.0" encoding="UTF-8"?>
<testsuite name="stocktracker.StockTest" tests="2" skipped="0" failures="0" errors="0" timestamp="2014-10-06T18:47:48" hostname="Yis-MacBook-Pro.local" time="0.005">
  <properties/>
  <testcase name="testCalculateTotalStockValue" classname="stocktracker.StockTest" time="0.002"/>
  <testcase name="testCalculateTotalStockValueFail" classname="stocktracker.StockTest" time="0.002"/>
  <system-out><![CDATA[]]></system-out>
  <system-err><![CDATA[]]></system-err>
</testsuite>
